#
# There is insufficient memory for the Java Runtime Environment to continue.
# Native memory allocation (mmap) failed to map 65536 bytes for Failed to commit metaspace.
# Possible reasons:
#   The system is out of physical RAM or swap space
#   The process is running with CompressedOops enabled, and the Java Heap may be blocking the growth of the native heap
# Possible solutions:
#   Reduce memory load on the system
#   Increase physical memory or swap space
#   Check if swap backing store is full
#   Decrease Java heap size (-Xmx/-Xms)
#   Decrease number of Java threads
#   Decrease Java thread stack sizes (-Xss)
#   Set larger code cache with -XX:ReservedCodeCacheSize=
#   JVM is running with Unscaled Compressed Oops mode in which the Java heap is
#     placed in the first 4GB address space. The Java Heap base address is the
#     maximum limit for the native heap growth. Please use -XX:HeapBaseMinAddress
#     to set the Java Heap base and to place the Java Heap above 4GB virtual address.
# This output file may be truncated or incomplete.
#
#  Out of Memory Error (virtualSpaceNode.cpp:110), pid=44656, tid=31496
#
# JRE version: OpenJDK Runtime Environment Temurin-17.0.4+8 (17.0.4+8) (build 17.0.4+8)
# Java VM: OpenJDK 64-Bit Server VM Temurin-17.0.4+8 (17.0.4+8, mixed mode, emulated-client, tiered, compressed oops, compressed class ptrs, g1 gc, windows-amd64)
# No core dump will be written. Minidumps are not enabled by default on client versions of Windows
#

---------------  S U M M A R Y ------------

Command Line: -Dcom.sun.management.jmxremote -Dcom.sun.management.jmxremote.port=62226 -Dcom.sun.management.jmxremote.authenticate=false -Dcom.sun.management.jmxremote.ssl=false -Djava.rmi.server.hostname=localhost -Dspring.jmx.enabled=true -Dspring.application.admin.enabled=true -XX:TieredStopAtLevel=1 -Dspring.boot.project.name=SchoolService -Dfile.encoding=UTF-8 -XX:+ShowCodeDetailsInExceptionMessages com.school.app.SchoolServiceApplication --spring.output.ansi.enabled=always

Host: Intel(R) Xeon(R) Platinum 8272CL CPU @ 2.60GHz, 2 cores, 7G,  Windows 10 , 64 bit Build 19041 (10.0.19041.1889)
Time: Mon Sep 19 08:13:53 2022 Coordinated Universal Time elapsed time: 1.641139 seconds (0d 0h 0m 1s)

---------------  T H R E A D  ---------------

Current thread (0x00000218cbf75d80):  JavaThread "spring.cloud.inetutils" daemon [_thread_in_vm, id=31496, stack(0x00000074e0600000,0x00000074e0700000)]

Stack: [0x00000074e0600000,0x00000074e0700000]
Native frames: (J=compiled Java code, j=interpreted, Vv=VM code, C=native code)
V  [jvm.dll+0x67733a]
V  [jvm.dll+0x8323c4]
V  [jvm.dll+0x833b6e]
V  [jvm.dll+0x8341d3]
V  [jvm.dll+0x2455e5]
V  [jvm.dll+0x82e36b]
V  [jvm.dll+0x61be16]
V  [jvm.dll+0x61be7a]
V  [jvm.dll+0x61e69a]
V  [jvm.dll+0x61c7b6]
V  [jvm.dll+0x23b0d0]
V  [jvm.dll+0x1eae0d]
V  [jvm.dll+0x1e0841]
V  [jvm.dll+0x53c8f0]
V  [jvm.dll+0x1f1037]
V  [jvm.dll+0x7ac5bb]
V  [jvm.dll+0x7ad962]
V  [jvm.dll+0x7adc98]
V  [jvm.dll+0x23d9ee]
V  [jvm.dll+0x23dc3f]
V  [jvm.dll+0x559f68]
V  [jvm.dll+0x55ce17]
V  [jvm.dll+0x3832e7]
V  [jvm.dll+0x38293f]
C  0x00000218c02c91e2

Java frames: (J=compiled Java code, j=interpreted, Vv=VM code)
j  java.util.concurrent.locks.AbstractQueuedSynchronizer$ConditionObject.await()V+105 java.base@17.0.4
j  java.util.concurrent.LinkedBlockingQueue.take()Ljava/lang/Object;+27 java.base@17.0.4
j  java.util.concurrent.ThreadPoolExecutor.getTask()Ljava/lang/Runnable;+147 java.base@17.0.4
j  java.util.concurrent.ThreadPoolExecutor.runWorker(Ljava/util/concurrent/ThreadPoolExecutor$Worker;)V+26 java.base@17.0.4
j  java.util.concurrent.ThreadPoolExecutor$Worker.run()V+5 java.base@17.0.4
j  java.lang.Thread.run()V+11 java.base@17.0.4
v  ~StubRoutines::call_stub

---------------  P R O C E S S  ---------------

Threads class SMR info:
_java_thread_list=0x00000218cbf944d0, length=20, elements={
0x00000218bcbec4c0, 0x00000218c9d58cd0, 0x00000218c9d5a1b0, 0x00000218c9db0610,
0x00000218c9db2ee0, 0x00000218c9db37a0, 0x00000218c9db6070, 0x00000218c9db6930,
0x00000218ca839f20, 0x00000218c9cfe010, 0x00000218ca9b8f50, 0x00000218ca9f9ca0,
0x00000218caf85e70, 0x00000218caf86340, 0x00000218cb05f020, 0x00000218cb07d020,
0x00000218cb0a9c60, 0x00000218cb0aa130, 0x00000218cb0c8500, 0x00000218cbf75d80
}

Java Threads: ( => current thread )
  0x00000218bcbec4c0 JavaThread "main" [_thread_in_vm, id=46048, stack(0x00000074deb00000,0x00000074dec00000)]
  0x00000218c9d58cd0 JavaThread "Reference Handler" daemon [_thread_blocked, id=46500, stack(0x00000074df200000,0x00000074df300000)]
  0x00000218c9d5a1b0 JavaThread "Finalizer" daemon [_thread_blocked, id=40224, stack(0x00000074df300000,0x00000074df400000)]
  0x00000218c9db0610 JavaThread "Signal Dispatcher" daemon [_thread_blocked, id=43688, stack(0x00000074df400000,0x00000074df500000)]
  0x00000218c9db2ee0 JavaThread "Attach Listener" daemon [_thread_blocked, id=37296, stack(0x00000074df500000,0x00000074df600000)]
  0x00000218c9db37a0 JavaThread "Service Thread" daemon [_thread_blocked, id=40260, stack(0x00000074df600000,0x00000074df700000)]
  0x00000218c9db6070 JavaThread "Monitor Deflation Thread" daemon [_thread_blocked, id=39864, stack(0x00000074df700000,0x00000074df800000)]
  0x00000218c9db6930 JavaThread "C1 CompilerThread0" daemon [_thread_blocked, id=46668, stack(0x00000074df800000,0x00000074df900000)]
  0x00000218ca839f20 JavaThread "Sweeper thread" daemon [_thread_blocked, id=45100, stack(0x00000074df900000,0x00000074dfa00000)]
  0x00000218c9cfe010 JavaThread "Common-Cleaner" daemon [_thread_blocked, id=46388, stack(0x00000074dfa00000,0x00000074dfb00000)]
  0x00000218ca9b8f50 JavaThread "Notification Thread" daemon [_thread_blocked, id=44976, stack(0x00000074dfb00000,0x00000074dfc00000)]
  0x00000218ca9f9ca0 JavaThread "C1 CompilerThread1" daemon [_thread_blocked, id=41204, stack(0x00000074dfc00000,0x00000074dfd00000)]
  0x00000218caf85e70 JavaThread "RMI TCP Accept-0" daemon [_thread_in_native, id=42824, stack(0x00000074dfe00000,0x00000074dff00000)]
  0x00000218caf86340 JavaThread "RMI TCP Accept-62226" daemon [_thread_in_native, id=37408, stack(0x00000074dff00000,0x00000074e0000000)]
  0x00000218cb05f020 JavaThread "RMI TCP Connection(1)-127.0.0.1" daemon [_thread_in_native, id=46380, stack(0x00000074e0000000,0x00000074e0100000)]
  0x00000218cb07d020 JavaThread "RMI TCP Accept-0" daemon [_thread_in_native, id=45992, stack(0x00000074e0100000,0x00000074e0200000)]
  0x00000218cb0a9c60 JavaThread "RMI TCP Connection(2)-127.0.0.1" daemon [_thread_in_native, id=45836, stack(0x00000074e0300000,0x00000074e0400000)]
  0x00000218cb0aa130 JavaThread "RMI Scheduler(0)" daemon [_thread_blocked, id=33844, stack(0x00000074e0400000,0x00000074e0500000)]
  0x00000218cb0c8500 JavaThread "JMX server connection timeout 20" daemon [_thread_blocked, id=42272, stack(0x00000074e0500000,0x00000074e0600000)]
=>0x00000218cbf75d80 JavaThread "spring.cloud.inetutils" daemon [_thread_in_vm, id=31496, stack(0x00000074e0600000,0x00000074e0700000)]

Other Threads:
  0x00000218c9d86400 VMThread "VM Thread" [stack: 0x00000074df100000,0x00000074df200000] [id=46252]
  0x00000218bcbed120 WatcherThread [stack: 0x00000074e0200000,0x00000074e0300000] [id=45652]
  0x00000218bcc47f90 GCTaskThread "GC Thread#0" [stack: 0x00000074dec00000,0x00000074ded00000] [id=46592]
  0x00000218caccbd20 GCTaskThread "GC Thread#1" [stack: 0x00000074dfd00000,0x00000074dfe00000] [id=39996]
  0x00000218bcc59df0 ConcurrentGCThread "G1 Main Marker" [stack: 0x00000074ded00000,0x00000074dee00000] [id=42828]
  0x00000218bcc5aff0 ConcurrentGCThread "G1 Conc#0" [stack: 0x00000074dee00000,0x00000074def00000] [id=43700]
  0x00000218c9bd0090 ConcurrentGCThread "G1 Refine#0" [stack: 0x00000074def00000,0x00000074df000000] [id=44720]
  0x00000218c9bd12a0 ConcurrentGCThread "G1 Service" [stack: 0x00000074df000000,0x00000074df100000] [id=43108]

Threads with active compile tasks:

VM state: not at safepoint (normal execution)

VM Mutex/Monitor currently owned by a thread:  ([mutex/lock_event])
[0x00000218bcbe6df0] Metaspace_lock - owner thread: 0x00000218cbf75d80

Heap address: 0x0000000080000000, size: 2048 MB, Compressed Oops mode: 32-bit

CDS archive(s) not mapped
Compressed class space mapped at: 0x0000000100000000-0x0000000140000000, reserved size: 1073741824
Narrow klass base: 0x0000000000000000, Narrow klass shift: 3, Narrow klass range: 0x140000000

GC Precious Log:
 CPUs: 2 total, 2 available
 Memory: 8190M
 Large Page Support: Disabled
 NUMA Support: Disabled
 Compressed Oops: Enabled (32-bit)
 Heap Region Size: 1M
 Heap Min Capacity: 8M
 Heap Initial Capacity: 128M
 Heap Max Capacity: 2G
 Pre-touch: Disabled
 Parallel Workers: 2
 Concurrent Workers: 1
 Concurrent Refinement Workers: 2
 Periodic GC: Disabled

Heap:
 garbage-first heap   total 131072K, used 19105K [0x0000000080000000, 0x0000000100000000)
  region size 1024K, 14 young (14336K), 1 survivors (1024K)
 Metaspace       used 18423K, committed 18624K, reserved 1073152K
  class space    used 2039K, committed 2176K, reserved 1048576K

Heap Regions: E=young(eden), S=young(survivor), O=old, HS=humongous(starts), HC=humongous(continues), CS=collection set, F=free, OA=open archive, CA=closed archive, TAMS=top-at-mark-start (previous, next)
|   0|0x0000000080000000, 0x0000000080100000, 0x0000000080100000|100%| O|  |TAMS 0x0000000080000000, 0x0000000080000000| Untracked 
|   1|0x0000000080100000, 0x0000000080200000, 0x0000000080200000|100%| O|  |TAMS 0x0000000080100000, 0x0000000080100000| Untracked 
|   2|0x0000000080200000, 0x0000000080300000, 0x0000000080300000|100%| O|  |TAMS 0x0000000080200000, 0x0000000080200000| Untracked 
|   3|0x0000000080300000, 0x0000000080400000, 0x0000000080400000|100%| O|  |TAMS 0x0000000080300000, 0x0000000080300000| Untracked 
|   4|0x0000000080400000, 0x0000000080500000, 0x0000000080500000|100%| O|  |TAMS 0x0000000080400000, 0x0000000080400000| Untracked 
|   5|0x0000000080500000, 0x00000000805a8400, 0x0000000080600000| 65%| O|  |TAMS 0x0000000080500000, 0x0000000080500000| Untracked 
|   6|0x0000000080600000, 0x0000000080600000, 0x0000000080700000|  0%| F|  |TAMS 0x0000000080600000, 0x0000000080600000| Untracked 
|   7|0x0000000080700000, 0x0000000080700000, 0x0000000080800000|  0%| F|  |TAMS 0x0000000080700000, 0x0000000080700000| Untracked 
|   8|0x0000000080800000, 0x0000000080800000, 0x0000000080900000|  0%| F|  |TAMS 0x0000000080800000, 0x0000000080800000| Untracked 
|   9|0x0000000080900000, 0x0000000080900000, 0x0000000080a00000|  0%| F|  |TAMS 0x0000000080900000, 0x0000000080900000| Untracked 
|  10|0x0000000080a00000, 0x0000000080a00000, 0x0000000080b00000|  0%| F|  |TAMS 0x0000000080a00000, 0x0000000080a00000| Untracked 
|  11|0x0000000080b00000, 0x0000000080b00000, 0x0000000080c00000|  0%| F|  |TAMS 0x0000000080b00000, 0x0000000080b00000| Untracked 
|  12|0x0000000080c00000, 0x0000000080c00000, 0x0000000080d00000|  0%| F|  |TAMS 0x0000000080c00000, 0x0000000080c00000| Untracked 
|  13|0x0000000080d00000, 0x0000000080d00000, 0x0000000080e00000|  0%| F|  |TAMS 0x0000000080d00000, 0x0000000080d00000| Untracked 
|  14|0x0000000080e00000, 0x0000000080e00000, 0x0000000080f00000|  0%| F|  |TAMS 0x0000000080e00000, 0x0000000080e00000| Untracked 
|  15|0x0000000080f00000, 0x0000000080f00000, 0x0000000081000000|  0%| F|  |TAMS 0x0000000080f00000, 0x0000000080f00000| Untracked 
|  16|0x0000000081000000, 0x0000000081000000, 0x0000000081100000|  0%| F|  |TAMS 0x0000000081000000, 0x0000000081000000| Untracked 
|  17|0x0000000081100000, 0x0000000081100000, 0x0000000081200000|  0%| F|  |TAMS 0x0000000081100000, 0x0000000081100000| Untracked 
|  18|0x0000000081200000, 0x0000000081200000, 0x0000000081300000|  0%| F|  |TAMS 0x0000000081200000, 0x0000000081200000| Untracked 
|  19|0x0000000081300000, 0x0000000081300000, 0x0000000081400000|  0%| F|  |TAMS 0x0000000081300000, 0x0000000081300000| Untracked 
|  20|0x0000000081400000, 0x0000000081400000, 0x0000000081500000|  0%| F|  |TAMS 0x0000000081400000, 0x0000000081400000| Untracked 
|  21|0x0000000081500000, 0x0000000081500000, 0x0000000081600000|  0%| F|  |TAMS 0x0000000081500000, 0x0000000081500000| Untracked 
|  22|0x0000000081600000, 0x0000000081600000, 0x0000000081700000|  0%| F|  |TAMS 0x0000000081600000, 0x0000000081600000| Untracked 
|  23|0x0000000081700000, 0x0000000081700000, 0x0000000081800000|  0%| F|  |TAMS 0x0000000081700000, 0x0000000081700000| Untracked 
|  24|0x0000000081800000, 0x0000000081800000, 0x0000000081900000|  0%| F|  |TAMS 0x0000000081800000, 0x0000000081800000| Untracked 
|  25|0x0000000081900000, 0x0000000081900000, 0x0000000081a00000|  0%| F|  |TAMS 0x0000000081900000, 0x0000000081900000| Untracked 
|  26|0x0000000081a00000, 0x0000000081a00000, 0x0000000081b00000|  0%| F|  |TAMS 0x0000000081a00000, 0x0000000081a00000| Untracked 
|  27|0x0000000081b00000, 0x0000000081b00000, 0x0000000081c00000|  0%| F|  |TAMS 0x0000000081b00000, 0x0000000081b00000| Untracked 
|  28|0x0000000081c00000, 0x0000000081c00000, 0x0000000081d00000|  0%| F|  |TAMS 0x0000000081c00000, 0x0000000081c00000| Untracked 
|  29|0x0000000081d00000, 0x0000000081d00000, 0x0000000081e00000|  0%| F|  |TAMS 0x0000000081d00000, 0x0000000081d00000| Untracked 
|  30|0x0000000081e00000, 0x0000000081e00000, 0x0000000081f00000|  0%| F|  |TAMS 0x0000000081e00000, 0x0000000081e00000| Untracked 
|  31|0x0000000081f00000, 0x0000000081f00000, 0x0000000082000000|  0%| F|  |TAMS 0x0000000081f00000, 0x0000000081f00000| Untracked 
|  32|0x0000000082000000, 0x0000000082000000, 0x0000000082100000|  0%| F|  |TAMS 0x0000000082000000, 0x0000000082000000| Untracked 
|  33|0x0000000082100000, 0x0000000082100000, 0x0000000082200000|  0%| F|  |TAMS 0x0000000082100000, 0x0000000082100000| Untracked 
|  34|0x0000000082200000, 0x0000000082200000, 0x0000000082300000|  0%| F|  |TAMS 0x0000000082200000, 0x0000000082200000| Untracked 
|  35|0x0000000082300000, 0x0000000082300000, 0x0000000082400000|  0%| F|  |TAMS 0x0000000082300000, 0x0000000082300000| Untracked 
|  36|0x0000000082400000, 0x0000000082400000, 0x0000000082500000|  0%| F|  |TAMS 0x0000000082400000, 0x0000000082400000| Untracked 
|  37|0x0000000082500000, 0x0000000082500000, 0x0000000082600000|  0%| F|  |TAMS 0x0000000082500000, 0x0000000082500000| Untracked 
|  38|0x0000000082600000, 0x0000000082600000, 0x0000000082700000|  0%| F|  |TAMS 0x0000000082600000, 0x0000000082600000| Untracked 
|  39|0x0000000082700000, 0x0000000082700000, 0x0000000082800000|  0%| F|  |TAMS 0x0000000082700000, 0x0000000082700000| Untracked 
|  40|0x0000000082800000, 0x0000000082800000, 0x0000000082900000|  0%| F|  |TAMS 0x0000000082800000, 0x0000000082800000| Untracked 
|  41|0x0000000082900000, 0x0000000082900000, 0x0000000082a00000|  0%| F|  |TAMS 0x0000000082900000, 0x0000000082900000| Untracked 
|  42|0x0000000082a00000, 0x0000000082a00000, 0x0000000082b00000|  0%| F|  |TAMS 0x0000000082a00000, 0x0000000082a00000| Untracked 
|  43|0x0000000082b00000, 0x0000000082b00000, 0x0000000082c00000|  0%| F|  |TAMS 0x0000000082b00000, 0x0000000082b00000| Untracked 
|  44|0x0000000082c00000, 0x0000000082c00000, 0x0000000082d00000|  0%| F|  |TAMS 0x0000000082c00000, 0x0000000082c00000| Untracked 
|  45|0x0000000082d00000, 0x0000000082d00000, 0x0000000082e00000|  0%| F|  |TAMS 0x0000000082d00000, 0x0000000082d00000| Untracked 
|  46|0x0000000082e00000, 0x0000000082e00000, 0x0000000082f00000|  0%| F|  |TAMS 0x0000000082e00000, 0x0000000082e00000| Untracked 
|  47|0x0000000082f00000, 0x0000000082f00000, 0x0000000083000000|  0%| F|  |TAMS 0x0000000082f00000, 0x0000000082f00000| Untracked 
|  48|0x0000000083000000, 0x0000000083000000, 0x0000000083100000|  0%| F|  |TAMS 0x0000000083000000, 0x0000000083000000| Untracked 
|  49|0x0000000083100000, 0x0000000083100000, 0x0000000083200000|  0%| F|  |TAMS 0x0000000083100000, 0x0000000083100000| Untracked 
|  50|0x0000000083200000, 0x0000000083200000, 0x0000000083300000|  0%| F|  |TAMS 0x0000000083200000, 0x0000000083200000| Untracked 
|  51|0x0000000083300000, 0x0000000083300000, 0x0000000083400000|  0%| F|  |TAMS 0x0000000083300000, 0x0000000083300000| Untracked 
|  52|0x0000000083400000, 0x0000000083400000, 0x0000000083500000|  0%| F|  |TAMS 0x0000000083400000, 0x0000000083400000| Untracked 
|  53|0x0000000083500000, 0x0000000083500000, 0x0000000083600000|  0%| F|  |TAMS 0x0000000083500000, 0x0000000083500000| Untracked 
|  54|0x0000000083600000, 0x0000000083600000, 0x0000000083700000|  0%| F|  |TAMS 0x0000000083600000, 0x0000000083600000| Untracked 
|  55|0x0000000083700000, 0x0000000083700000, 0x0000000083800000|  0%| F|  |TAMS 0x0000000083700000, 0x0000000083700000| Untracked 
|  56|0x0000000083800000, 0x0000000083800000, 0x0000000083900000|  0%| F|  |TAMS 0x0000000083800000, 0x0000000083800000| Untracked 
|  57|0x0000000083900000, 0x0000000083900000, 0x0000000083a00000|  0%| F|  |TAMS 0x0000000083900000, 0x0000000083900000| Untracked 
|  58|0x0000000083a00000, 0x0000000083a00000, 0x0000000083b00000|  0%| F|  |TAMS 0x0000000083a00000, 0x0000000083a00000| Untracked 
|  59|0x0000000083b00000, 0x0000000083b00000, 0x0000000083c00000|  0%| F|  |TAMS 0x0000000083b00000, 0x0000000083b00000| Untracked 
|  60|0x0000000083c00000, 0x0000000083c00000, 0x0000000083d00000|  0%| F|  |TAMS 0x0000000083c00000, 0x0000000083c00000| Untracked 
|  61|0x0000000083d00000, 0x0000000083d00000, 0x0000000083e00000|  0%| F|  |TAMS 0x0000000083d00000, 0x0000000083d00000| Untracked 
|  62|0x0000000083e00000, 0x0000000083e00000, 0x0000000083f00000|  0%| F|  |TAMS 0x0000000083e00000, 0x0000000083e00000| Untracked 
|  63|0x0000000083f00000, 0x0000000083f00000, 0x0000000084000000|  0%| F|  |TAMS 0x0000000083f00000, 0x0000000083f00000| Untracked 
|  64|0x0000000084000000, 0x0000000084000000, 0x0000000084100000|  0%| F|  |TAMS 0x0000000084000000, 0x0000000084000000| Untracked 
|  65|0x0000000084100000, 0x0000000084100000, 0x0000000084200000|  0%| F|  |TAMS 0x0000000084100000, 0x0000000084100000| Untracked 
|  66|0x0000000084200000, 0x0000000084200000, 0x0000000084300000|  0%| F|  |TAMS 0x0000000084200000, 0x0000000084200000| Untracked 
|  67|0x0000000084300000, 0x0000000084300000, 0x0000000084400000|  0%| F|  |TAMS 0x0000000084300000, 0x0000000084300000| Untracked 
|  68|0x0000000084400000, 0x0000000084400000, 0x0000000084500000|  0%| F|  |TAMS 0x0000000084400000, 0x0000000084400000| Untracked 
|  69|0x0000000084500000, 0x0000000084500000, 0x0000000084600000|  0%| F|  |TAMS 0x0000000084500000, 0x0000000084500000| Untracked 
|  70|0x0000000084600000, 0x0000000084600000, 0x0000000084700000|  0%| F|  |TAMS 0x0000000084600000, 0x0000000084600000| Untracked 
|  71|0x0000000084700000, 0x0000000084700000, 0x0000000084800000|  0%| F|  |TAMS 0x0000000084700000, 0x0000000084700000| Untracked 
|  72|0x0000000084800000, 0x0000000084800000, 0x0000000084900000|  0%| F|  |TAMS 0x0000000084800000, 0x0000000084800000| Untracked 
|  73|0x0000000084900000, 0x0000000084900000, 0x0000000084a00000|  0%| F|  |TAMS 0x0000000084900000, 0x0000000084900000| Untracked 
|  74|0x0000000084a00000, 0x0000000084a00000, 0x0000000084b00000|  0%| F|  |TAMS 0x0000000084a00000, 0x0000000084a00000| Untracked 
|  75|0x0000000084b00000, 0x0000000084b00000, 0x0000000084c00000|  0%| F|  |TAMS 0x0000000084b00000, 0x0000000084b00000| Untracked 
|  76|0x0000000084c00000, 0x0000000084c00000, 0x0000000084d00000|  0%| F|  |TAMS 0x0000000084c00000, 0x0000000084c00000| Untracked 
|  77|0x0000000084d00000, 0x0000000084d00000, 0x0000000084e00000|  0%| F|  |TAMS 0x0000000084d00000, 0x0000000084d00000| Untracked 
|  78|0x0000000084e00000, 0x0000000084e00000, 0x0000000084f00000|  0%| F|  |TAMS 0x0000000084e00000, 0x0000000084e00000| Untracked 
|  79|0x0000000084f00000, 0x0000000084f00000, 0x0000000085000000|  0%| F|  |TAMS 0x0000000084f00000, 0x0000000084f00000| Untracked 
|  80|0x0000000085000000, 0x0000000085000000, 0x0000000085100000|  0%| F|  |TAMS 0x0000000085000000, 0x0000000085000000| Untracked 
|  81|0x0000000085100000, 0x0000000085100000, 0x0000000085200000|  0%| F|  |TAMS 0x0000000085100000, 0x0000000085100000| Untracked 
|  82|0x0000000085200000, 0x0000000085200000, 0x0000000085300000|  0%| F|  |TAMS 0x0000000085200000, 0x0000000085200000| Untracked 
|  83|0x0000000085300000, 0x0000000085300000, 0x0000000085400000|  0%| F|  |TAMS 0x0000000085300000, 0x0000000085300000| Untracked 
|  84|0x0000000085400000, 0x0000000085400000, 0x0000000085500000|  0%| F|  |TAMS 0x0000000085400000, 0x0000000085400000| Untracked 
|  85|0x0000000085500000, 0x0000000085500000, 0x0000000085600000|  0%| F|  |TAMS 0x0000000085500000, 0x0000000085500000| Untracked 
|  86|0x0000000085600000, 0x0000000085600000, 0x0000000085700000|  0%| F|  |TAMS 0x0000000085600000, 0x0000000085600000| Untracked 
|  87|0x0000000085700000, 0x0000000085700000, 0x0000000085800000|  0%| F|  |TAMS 0x0000000085700000, 0x0000000085700000| Untracked 
|  88|0x0000000085800000, 0x0000000085800000, 0x0000000085900000|  0%| F|  |TAMS 0x0000000085800000, 0x0000000085800000| Untracked 
|  89|0x0000000085900000, 0x0000000085900000, 0x0000000085a00000|  0%| F|  |TAMS 0x0000000085900000, 0x0000000085900000| Untracked 
|  90|0x0000000085a00000, 0x0000000085a00000, 0x0000000085b00000|  0%| F|  |TAMS 0x0000000085a00000, 0x0000000085a00000| Untracked 
|  91|0x0000000085b00000, 0x0000000085b00000, 0x0000000085c00000|  0%| F|  |TAMS 0x0000000085b00000, 0x0000000085b00000| Untracked 
|  92|0x0000000085c00000, 0x0000000085c00000, 0x0000000085d00000|  0%| F|  |TAMS 0x0000000085c00000, 0x0000000085c00000| Untracked 
|  93|0x0000000085d00000, 0x0000000085d00000, 0x0000000085e00000|  0%| F|  |TAMS 0x0000000085d00000, 0x0000000085d00000| Untracked 
|  94|0x0000000085e00000, 0x0000000085e00000, 0x0000000085f00000|  0%| F|  |TAMS 0x0000000085e00000, 0x0000000085e00000| Untracked 
|  95|0x0000000085f00000, 0x0000000085f00000, 0x0000000086000000|  0%| F|  |TAMS 0x0000000085f00000, 0x0000000085f00000| Untracked 
|  96|0x0000000086000000, 0x0000000086000000, 0x0000000086100000|  0%| F|  |TAMS 0x0000000086000000, 0x0000000086000000| Untracked 
|  97|0x0000000086100000, 0x0000000086100000, 0x0000000086200000|  0%| F|  |TAMS 0x0000000086100000, 0x0000000086100000| Untracked 
|  98|0x0000000086200000, 0x0000000086200000, 0x0000000086300000|  0%| F|  |TAMS 0x0000000086200000, 0x0000000086200000| Untracked 
|  99|0x0000000086300000, 0x0000000086300000, 0x0000000086400000|  0%| F|  |TAMS 0x0000000086300000, 0x0000000086300000| Untracked 
| 100|0x0000000086400000, 0x0000000086400000, 0x0000000086500000|  0%| F|  |TAMS 0x0000000086400000, 0x0000000086400000| Untracked 
| 101|0x0000000086500000, 0x0000000086500000, 0x0000000086600000|  0%| F|  |TAMS 0x0000000086500000, 0x0000000086500000| Untracked 
| 102|0x0000000086600000, 0x0000000086600000, 0x0000000086700000|  0%| F|  |TAMS 0x0000000086600000, 0x0000000086600000| Untracked 
| 103|0x0000000086700000, 0x0000000086700000, 0x0000000086800000|  0%| F|  |TAMS 0x0000000086700000, 0x0000000086700000| Untracked 
| 104|0x0000000086800000, 0x0000000086800000, 0x0000000086900000|  0%| F|  |TAMS 0x0000000086800000, 0x0000000086800000| Untracked 
| 105|0x0000000086900000, 0x0000000086900000, 0x0000000086a00000|  0%| F|  |TAMS 0x0000000086900000, 0x0000000086900000| Untracked 
| 106|0x0000000086a00000, 0x0000000086a00000, 0x0000000086b00000|  0%| F|  |TAMS 0x0000000086a00000, 0x0000000086a00000| Untracked 
| 107|0x0000000086b00000, 0x0000000086b00000, 0x0000000086c00000|  0%| F|  |TAMS 0x0000000086b00000, 0x0000000086b00000| Untracked 
| 108|0x0000000086c00000, 0x0000000086c00000, 0x0000000086d00000|  0%| F|  |TAMS 0x0000000086c00000, 0x0000000086c00000| Untracked 
| 109|0x0000000086d00000, 0x0000000086d00000, 0x0000000086e00000|  0%| F|  |TAMS 0x0000000086d00000, 0x0000000086d00000| Untracked 
| 110|0x0000000086e00000, 0x0000000086e00000, 0x0000000086f00000|  0%| F|  |TAMS 0x0000000086e00000, 0x0000000086e00000| Untracked 
| 111|0x0000000086f00000, 0x0000000086f00000, 0x0000000087000000|  0%| F|  |TAMS 0x0000000086f00000, 0x0000000086f00000| Untracked 
| 112|0x0000000087000000, 0x0000000087000000, 0x0000000087100000|  0%| F|  |TAMS 0x0000000087000000, 0x0000000087000000| Untracked 
| 113|0x0000000087100000, 0x0000000087100000, 0x0000000087200000|  0%| F|  |TAMS 0x0000000087100000, 0x0000000087100000| Untracked 
| 114|0x0000000087200000, 0x00000000872a0508, 0x0000000087300000| 62%| E|  |TAMS 0x0000000087200000, 0x0000000087200000| Complete 
| 115|0x0000000087300000, 0x0000000087400000, 0x0000000087400000|100%| E|CS|TAMS 0x0000000087300000, 0x0000000087300000| Complete 
| 116|0x0000000087400000, 0x0000000087500000, 0x0000000087500000|100%| E|CS|TAMS 0x0000000087400000, 0x0000000087400000| Complete 
| 117|0x0000000087500000, 0x0000000087600000, 0x0000000087600000|100%| E|CS|TAMS 0x0000000087500000, 0x0000000087500000| Complete 
| 118|0x0000000087600000, 0x0000000087700000, 0x0000000087700000|100%| E|CS|TAMS 0x0000000087600000, 0x0000000087600000| Complete 
| 119|0x0000000087700000, 0x0000000087800000, 0x0000000087800000|100%| E|CS|TAMS 0x0000000087700000, 0x0000000087700000| Complete 
| 120|0x0000000087800000, 0x0000000087900000, 0x0000000087900000|100%| S|CS|TAMS 0x0000000087800000, 0x0000000087800000| Complete 
| 121|0x0000000087900000, 0x0000000087a00000, 0x0000000087a00000|100%| E|CS|TAMS 0x0000000087900000, 0x0000000087900000| Complete 
| 122|0x0000000087a00000, 0x0000000087b00000, 0x0000000087b00000|100%| E|CS|TAMS 0x0000000087a00000, 0x0000000087a00000| Complete 
| 123|0x0000000087b00000, 0x0000000087c00000, 0x0000000087c00000|100%| E|CS|TAMS 0x0000000087b00000, 0x0000000087b00000| Complete 
| 124|0x0000000087c00000, 0x0000000087d00000, 0x0000000087d00000|100%| E|CS|TAMS 0x0000000087c00000, 0x0000000087c00000| Complete 
| 125|0x0000000087d00000, 0x0000000087e00000, 0x0000000087e00000|100%| E|CS|TAMS 0x0000000087d00000, 0x0000000087d00000| Complete 
| 126|0x0000000087e00000, 0x0000000087f00000, 0x0000000087f00000|100%| E|CS|TAMS 0x0000000087e00000, 0x0000000087e00000| Complete 
| 127|0x0000000087f00000, 0x0000000088000000, 0x0000000088000000|100%| E|CS|TAMS 0x0000000087f00000, 0x0000000087f00000| Complete 

Card table byte_map: [0x00000218c32b0000,0x00000218c36b0000] _byte_map_base: 0x00000218c2eb0000

Marking Bits (Prev, Next): (CMBitMap*) 0x00000218bcc494c0, (CMBitMap*) 0x00000218bcc49500
 Prev Bits: [0x00000218c3ab0000, 0x00000218c5ab0000)
 Next Bits: [0x00000218c5ab0000, 0x00000218c7ab0000)

Polling page: 0x00000218bab70000

Metaspace:

Usage:
  Non-class:     16.00 MB used.
      Class:      1.99 MB used.
       Both:     17.99 MB used.

Virtual space:
  Non-class space:       24.00 MB reserved,      16.06 MB ( 67%) committed,  3 nodes.
      Class space:        1.00 GB reserved,       2.12 MB ( <1%) committed,  1 nodes.
             Both:        1.02 GB reserved,      18.19 MB (  2%) committed. 

Chunk freelists:
   Non-Class:  3.50 MB
       Class:  1.82 MB
        Both:  5.32 MB

MaxMetaspaceSize: unlimited
CompressedClassSpaceSize: 1.00 GB
Initial GC threshold: 21.00 MB
Current GC threshold: 21.00 MB
CDS: off
MetaspaceReclaimPolicy: balanced
 - commit_granule_bytes: 65536.
 - commit_granule_words: 8192.
 - virtual_space_node_default_size: 1048576.
 - enlarge_chunks_in_place: 1.
 - new_chunks_are_fully_committed: 0.
 - uncommit_free_chunks: 1.
 - use_allocation_guard: 0.
 - handle_deallocations: 1.


Internal statistics:

num_allocs_failed_limit: 0.
num_arena_births: 214.
num_arena_deaths: 0.
num_vsnodes_births: 4.
num_vsnodes_deaths: 0.
num_space_committed: 291.
num_space_uncommitted: 0.
num_chunks_returned_to_freelist: 0.
num_chunks_taken_from_freelist: 460.
num_chunk_merges: 0.
num_chunk_splits: 268.
num_chunks_enlarged: 164.
num_purges: 0.
num_inconsistent_stats: 0.

CodeCache: size=49152Kb used=4052Kb max_used=4052Kb free=45100Kb
 bounds [0x00000218c02b0000, 0x00000218c06b0000, 0x00000218c32b0000]
 total_blobs=2099 nmethods=1635 adapters=391
 compilation: enabled
              stopped_count=0, restarted_count=0
 full_count=0

Compilation events (20 events):
Event: 1.594 Thread 0x00000218ca9f9ca0 nmethod 1613 0x00000218c069b590 code [0x00000218c069b760, 0x00000218c069ba08]
Event: 1.594 Thread 0x00000218ca9f9ca0 1615       1       org.springframework.boot.context.properties.source.SystemEnvironmentPropertyMapper::isLegacyAncestorOf (34 bytes)
Event: 1.595 Thread 0x00000218c9db6930 nmethod 1614 0x00000218c069bc10 code [0x00000218c069be00, 0x00000218c069c198]
Event: 1.595 Thread 0x00000218c9db6930 1616       1       org.springframework.boot.context.properties.source.SystemEnvironmentPropertyMapper::hasDashedEntries (37 bytes)
Event: 1.595 Thread 0x00000218ca9f9ca0 nmethod 1615 0x00000218c069c490 code [0x00000218c069c660, 0x00000218c069c8f8]
Event: 1.595 Thread 0x00000218ca9f9ca0 1617       1       org.springframework.boot.context.properties.source.PropertyMapper$$Lambda$170/0x0000000100212198::test (12 bytes)
Event: 1.595 Thread 0x00000218c9db6930 nmethod 1616 0x00000218c069cb10 code [0x00000218c069cce0, 0x00000218c069cee8]
Event: 1.595 Thread 0x00000218ca9f9ca0 nmethod 1617 0x00000218c069d090 code [0x00000218c069d240, 0x00000218c069d478]
Event: 1.595 Thread 0x00000218c9db6930 1618       1       org.springframework.boot.context.properties.source.ConfigurationPropertyName$ElementsParser::parse (6 bytes)
Event: 1.595 Thread 0x00000218c9db6930 nmethod 1618 0x00000218c069d690 code [0x00000218c069d820, 0x00000218c069d908]
Event: 1.597 Thread 0x00000218ca9f9ca0 1619       1       java.util.ArrayDeque::isEmpty (17 bytes)
Event: 1.597 Thread 0x00000218ca9f9ca0 nmethod 1619 0x00000218c069d990 code [0x00000218c069db20, 0x00000218c069dbf8]
Event: 1.597 Thread 0x00000218c9db6930 1620       1       org.springframework.boot.context.properties.source.ConfigurationPropertyName::elementsOf (147 bytes)
Event: 1.598 Thread 0x00000218c9db6930 nmethod 1620 0x00000218c069dc90 code [0x00000218c069dee0, 0x00000218c069e598]
Event: 1.598 Thread 0x00000218ca9f9ca0 1621       1       java.lang.Module::isExported (18 bytes)
Event: 1.599 Thread 0x00000218ca9f9ca0 nmethod 1621 0x00000218c069e910 code [0x00000218c069eac0, 0x00000218c069ece8]
Event: 1.605 Thread 0x00000218c9db6930 1622       1       jdk.internal.loader.NativeLibraries$NativeLibraryImpl::find (6 bytes)
Event: 1.605 Thread 0x00000218c9db6930 nmethod 1622 0x00000218c069f210 code [0x00000218c069f3a0, 0x00000218c069f488]
Event: 1.630 Thread 0x00000218c9db6930 1624       1       sun.invoke.util.VerifyAccess::getClassModifiers (24 bytes)
Event: 1.630 Thread 0x00000218c9db6930 nmethod 1624 0x00000218c069f510 code [0x00000218c069f6c0, 0x00000218c069f818]

GC Heap History (6 events):
Event: 0.524 GC heap before
{Heap before GC invocations=0 (full 0):
 garbage-first heap   total 131072K, used 6144K [0x0000000080000000, 0x0000000100000000)
  region size 1024K, 6 young (6144K), 0 survivors (0K)
 Metaspace       used 6205K, committed 6336K, reserved 1056768K
  class space    used 531K, committed 576K, reserved 1048576K
}
Event: 0.529 GC heap after
{Heap after GC invocations=1 (full 0):
 garbage-first heap   total 131072K, used 3645K [0x0000000080000000, 0x0000000100000000)
  region size 1024K, 1 young (1024K), 1 survivors (1024K)
 Metaspace       used 6205K, committed 6336K, reserved 1056768K
  class space    used 531K, committed 576K, reserved 1048576K
}
Event: 1.014 GC heap before
{Heap before GC invocations=1 (full 0):
 garbage-first heap   total 131072K, used 8765K [0x0000000080000000, 0x0000000100000000)
  region size 1024K, 6 young (6144K), 1 survivors (1024K)
 Metaspace       used 12145K, committed 12352K, reserved 1064960K
  class space    used 1238K, committed 1344K, reserved 1048576K
}
Event: 1.020 GC heap after
{Heap after GC invocations=2 (full 0):
 garbage-first heap   total 131072K, used 5404K [0x0000000080000000, 0x0000000100000000)
  region size 1024K, 1 young (1024K), 1 survivors (1024K)
 Metaspace       used 12145K, committed 12352K, reserved 1064960K
  class space    used 1238K, committed 1344K, reserved 1048576K
}
Event: 1.259 GC heap before
{Heap before GC invocations=2 (full 0):
 garbage-first heap   total 131072K, used 11548K [0x0000000080000000, 0x0000000100000000)
  region size 1024K, 7 young (7168K), 1 survivors (1024K)
 Metaspace       used 14819K, committed 15040K, reserved 1064960K
  class space    used 1556K, committed 1664K, reserved 1048576K
}
Event: 1.265 GC heap after
{Heap after GC invocations=3 (full 0):
 garbage-first heap   total 131072K, used 6817K [0x0000000080000000, 0x0000000100000000)
  region size 1024K, 1 young (1024K), 1 survivors (1024K)
 Metaspace       used 14819K, committed 15040K, reserved 1064960K
  class space    used 1556K, committed 1664K, reserved 1048576K
}

Deoptimization events (0 events):
No events

Classes unloaded (0 events):
No events

Classes redefined (0 events):
No events

Internal exceptions (20 events):
Event: 1.047 Thread 0x00000218cb0a9c60 Exception <a 'java/lang/ClassNotFoundException'{0x0000000087f74eb0}: javax/management/remote/rmi/RMIConnectionImpl_Skel> (0x0000000087f74eb0) 
thrown [s\src\hotspot\share\classfile\systemDictionary.cpp, line 256]
Event: 1.071 Thread 0x00000218cb0a9c60 Exception <a 'java/lang/NoSuchMethodError'{0x0000000087e5fda0}: 'java.lang.Object java.lang.invoke.Invokers$Holder.linkToTargetMethod(java.lang.Object, long, java.lang.Object)'> (0x0000000087e5fda0) 
thrown [s\src\hotspot\share\interpreter\linkResolver.cpp, line 759]
Event: 1.075 Thread 0x00000218cb0a9c60 Exception <a 'java/lang/reflect/InvocationTargetException'{0x0000000087e62bb8}> (0x0000000087e62bb8) 
thrown [s\src\hotspot\share\runtime\reflection.cpp, line 1121]
Event: 1.086 Thread 0x00000218cb0a9c60 Exception <a 'java/lang/NoSuchMethodError'{0x0000000087ed4c00}: static [Ljava/lang/StackTraceElement;.<clinit>()V> (0x0000000087ed4c00) 
thrown [s\src\hotspot\share\prims\jni.cpp, line 1107]
Event: 1.116 Thread 0x00000218bcbec4c0 Exception <a 'java/lang/ClassNotFoundException'{0x0000000087d588f0}: javax/smartcardio/CardPermission> (0x0000000087d588f0) 
thrown [s\src\hotspot\share\classfile\systemDictionary.cpp, line 256]
Event: 1.118 Thread 0x00000218bcbec4c0 Exception <a 'java/io/FileNotFoundException'{0x0000000087d67458}> (0x0000000087d67458) 
thrown [s\src\hotspot\share\prims\jni.cpp, line 516]
Event: 1.249 Thread 0x00000218bcbec4c0 Exception <a 'java/lang/NoSuchMethodError'{0x00000000879a2418}: 'java.lang.Object java.lang.invoke.DirectMethodHandle$Holder.invokeSpecialIFC(java.lang.Object, java.lang.Object, java.lang.Object, java.lang.Object)'> (0x00000000879a2418) 
thrown [s\src\hotspot\share\interpreter\linkResolver.cpp, line 759]
Event: 1.269 Thread 0x00000218bcbec4c0 Exception <a 'java/lang/NoSuchMethodError'{0x0000000087f2e320}: 'int java.lang.invoke.DirectMethodHandle$Holder.invokeStaticInit(java.lang.Object, java.lang.Object)'> (0x0000000087f2e320) 
thrown [s\src\hotspot\share\interpreter\linkResolver.cpp, line 759]
Event: 1.329 Thread 0x00000218bcbec4c0 Exception <a 'java/lang/NoSuchMethodError'{0x0000000087d69e00}: 'int java.lang.invoke.DirectMethodHandle$Holder.invokeStaticInit(java.lang.Object, java.lang.Object, java.lang.Object)'> (0x0000000087d69e00) 
thrown [s\src\hotspot\share\interpreter\linkResolver.cpp, line 759]
Event: 1.336 Thread 0x00000218bcbec4c0 Exception <a 'java/lang/NoSuchMethodError'{0x0000000087dc0418}: 'java.lang.Object java.lang.invoke.DirectMethodHandle$Holder.newInvokeSpecial(java.lang.Object, java.lang.Object, java.lang.Object, java.lang.Object, java.lang.Object)'> (0x0000000087dc0418) 
thrown [s\src\hotspot\share\interpreter\linkResolver.cpp, line 759]
Event: 1.386 Thread 0x00000218bcbec4c0 Exception <a 'sun/nio/fs/WindowsException'{0x0000000087bd55e8}> (0x0000000087bd55e8) 
thrown [s\src\hotspot\share\prims\jni.cpp, line 516]
Event: 1.495 Thread 0x00000218bcbec4c0 Exception <a 'java/lang/NoSuchMethodError'{0x00000000876b6050}: 'void java.lang.invoke.DirectMethodHandle$Holder.invokeStatic(java.lang.Object, java.lang.Object, java.lang.Object, java.lang.Object)'> (0x00000000876b6050) 
thrown [s\src\hotspot\share\interpreter\linkResolver.cpp, line 759]
Event: 1.520 Thread 0x00000218bcbec4c0 Exception <a 'java/lang/NoSuchMethodError'{0x0000000087579df8}: 'int java.lang.invoke.DirectMethodHandle$Holder.invokeStatic(java.lang.Object, java.lang.Object, java.lang.Object, java.lang.Object)'> (0x0000000087579df8) 
thrown [s\src\hotspot\share\interpreter\linkResolver.cpp, line 759]
Event: 1.523 Thread 0x00000218bcbec4c0 Exception <a 'java/lang/NoSuchMethodError'{0x000000008757d968}: 'java.lang.Object java.lang.invoke.Invokers$Holder.invokeExact_MT(java.lang.Object, java.lang.Object, java.lang.Object, java.lang.Object, java.lang.Object, java.lang.Object)'> (0x000000008757d968) 
thrown [s\src\hotspot\share\interpreter\linkResolver.cpp, line 759]
Event: 1.525 Thread 0x00000218bcbec4c0 Exception <a 'java/lang/NoSuchMethodError'{0x0000000087587c18}: 'void java.lang.invoke.DirectMethodHandle$Holder.invokeStaticInit(java.lang.Object, java.lang.Object, java.lang.Object, java.lang.Object)'> (0x0000000087587c18) 
thrown [s\src\hotspot\share\interpreter\linkResolver.cpp, line 759]
Event: 1.527 Thread 0x00000218bcbec4c0 Exception <a 'java/lang/NoSuchMethodError'{0x0000000087599aa8}: 'java.lang.Object java.lang.invoke.DirectMethodHandle$Holder.invokeInterface(java.lang.Object, java.lang.Object, java.lang.Object)'> (0x0000000087599aa8) 
thrown [s\src\hotspot\share\interpreter\linkResolver.cpp, line 759]
Event: 1.528 Thread 0x00000218bcbec4c0 Exception <a 'java/lang/IncompatibleClassChangeError'{0x000000008759d430}: Found class java.lang.Object, but interface was expected> (0x000000008759d430) 
thrown [s\src\hotspot\share\interpreter\linkResolver.cpp, line 826]
Event: 1.571 Thread 0x00000218bcbec4c0 Exception <a 'java/lang/NoSuchMethodError'{0x0000000087350740}: 'java.lang.Object java.lang.invoke.DirectMethodHandle$Holder.newInvokeSpecial(java.lang.Object, java.lang.Object, java.lang.Object, java.lang.Object, java.lang.Object, java.lang.Object)'> (0x0000000087350740) 
thrown [s\src\hotspot\share\interpreter\linkResolver.cpp, line 759]
Event: 1.576 Thread 0x00000218bcbec4c0 Exception <a 'java/lang/NoSuchMethodError'{0x000000008736e6f0}: 'java.lang.Object java.lang.invoke.DirectMethodHandle$Holder.invokeStatic(java.lang.Object, java.lang.Object, int)'> (0x000000008736e6f0) 
thrown [s\src\hotspot\share\interpreter\linkResolver.cpp, line 759]
Event: 1.576 Thread 0x00000218bcbec4c0 Exception <a 'java/lang/NoSuchMethodError'{0x000000008737a498}: 'void java.lang.invoke.DelegatingMethodHandle$Holder.delegate(java.lang.Object, java.lang.Object, int, java.lang.Object)'> (0x000000008737a498) 
thrown [s\src\hotspot\share\interpreter\linkResolver.cpp, line 759]

VM Operations (20 events):
Event: 0.760 Executing VM operation: HandshakeAllThreads
Event: 0.760 Executing VM operation: HandshakeAllThreads done
Event: 0.811 Executing VM operation: HandshakeAllThreads
Event: 0.811 Executing VM operation: HandshakeAllThreads done
Event: 0.910 Executing VM operation: HandshakeAllThreads
Event: 0.910 Executing VM operation: HandshakeAllThreads done
Event: 1.001 Executing VM operation: G1CollectForAllocation
Event: 1.037 Executing VM operation: G1CollectForAllocation done
Event: 1.045 Executing VM operation: HandshakeAllThreads
Event: 1.046 Executing VM operation: HandshakeAllThreads done
Event: 1.233 Executing VM operation: HandshakeAllThreads
Event: 1.234 Executing VM operation: HandshakeAllThreads done
Event: 1.259 Executing VM operation: G1CollectForAllocation
Event: 1.265 Executing VM operation: G1CollectForAllocation done
Event: 1.387 Executing VM operation: HandshakeAllThreads
Event: 1.388 Executing VM operation: HandshakeAllThreads done
Event: 1.472 Executing VM operation: HandshakeAllThreads
Event: 1.472 Executing VM operation: HandshakeAllThreads done
Event: 1.599 Executing VM operation: HandshakeAllThreads
Event: 1.599 Executing VM operation: HandshakeAllThreads done

Events (20 events):
Event: 1.577 loading class java/util/Collections$CopiesList
Event: 1.577 loading class java/util/Collections$CopiesList done
Event: 1.579 loading class java/lang/invoke/MethodHandleImpl$WrappedMember
Event: 1.579 loading class java/lang/invoke/MethodHandleImpl$WrappedMember done
Event: 1.582 loading class java/beans/Introspector
Event: 1.583 loading class java/beans/Introspector done
Event: 1.583 loading class java/beans/EventSetDescriptor
Event: 1.583 loading class java/beans/FeatureDescriptor
Event: 1.583 loading class java/beans/FeatureDescriptor done
Event: 1.583 loading class java/beans/EventSetDescriptor done
Event: 1.583 loading class java/beans/Introspector$1
Event: 1.583 loading class jdk/internal/access/JavaBeansAccess
Event: 1.583 loading class jdk/internal/access/JavaBeansAccess done
Event: 1.583 loading class java/beans/Introspector$1 done
Event: 1.599 loading class java/util/concurrent/Executors$FinalizableDelegatedExecutorService
Event: 1.599 loading class java/util/concurrent/Executors$DelegatedExecutorService
Event: 1.599 loading class java/util/concurrent/Executors$DelegatedExecutorService done
Event: 1.599 loading class java/util/concurrent/Executors$FinalizableDelegatedExecutorService done
Event: 1.631 Thread 0x00000218cbf75d80 Thread added: 0x00000218cbf75d80
Event: 1.632 loading class java/util/concurrent/ForkJoinPool


Dynamic libraries:
0x00007ff756bd0000 - 0x00007ff756bde000 	C:\Users\sfjbs\Downloads\node-20220823T055411Z-00100\node\sts-4.15.3.RELEASE\plugins\org.eclipse.justj.openjdk.hotspot.jre.full.win32.x86_64_17.0.4.v20220805-1047\jre\bin\javaw.exe
0x00007ffc07850000 - 0x00007ffc07a48000 	C:\Windows\SYSTEM32\ntdll.dll
0x00007ffc07560000 - 0x00007ffc0761d000 	C:\Windows\System32\KERNEL32.DLL
0x00007ffc055e0000 - 0x00007ffc058ae000 	C:\Windows\System32\KERNELBASE.dll
0x00007ffc053a0000 - 0x00007ffc054a0000 	C:\Windows\System32\ucrtbase.dll
0x00007ffbeea00000 - 0x00007ffbeea18000 	C:\Users\sfjbs\Downloads\node-20220823T055411Z-00100\node\sts-4.15.3.RELEASE\plugins\org.eclipse.justj.openjdk.hotspot.jre.full.win32.x86_64_17.0.4.v20220805-1047\jre\bin\jli.dll
0x00007ffc06030000 - 0x00007ffc061d0000 	C:\Windows\System32\USER32.dll
0x00007ffc054a0000 - 0x00007ffc054c2000 	C:\Windows\System32\win32u.dll
0x00007ffc061d0000 - 0x00007ffc061fa000 	C:\Windows\System32\GDI32.dll
0x00007ffc054d0000 - 0x00007ffc055db000 	C:\Windows\System32\gdi32full.dll
0x00007ffc05170000 - 0x00007ffc0520d000 	C:\Windows\System32\msvcp_win.dll
0x00007ffbe7b60000 - 0x00007ffbe7b79000 	C:\Users\sfjbs\Downloads\node-20220823T055411Z-00100\node\sts-4.15.3.RELEASE\plugins\org.eclipse.justj.openjdk.hotspot.jre.full.win32.x86_64_17.0.4.v20220805-1047\jre\bin\VCRUNTIME140.dll
0x00007ffbefd10000 - 0x00007ffbeffaa000 	C:\Windows\WinSxS\amd64_microsoft.windows.common-controls_6595b64144ccf1df_6.0.19041.1110_none_60b5254171f9507e\COMCTL32.dll
0x00007ffc07380000 - 0x00007ffc0741e000 	C:\Windows\System32\msvcrt.dll
0x00007ffc058b0000 - 0x00007ffc058e0000 	C:\Windows\System32\IMM32.DLL
0x00007ffbee9f0000 - 0x00007ffbee9fc000 	C:\Users\sfjbs\Downloads\node-20220823T055411Z-00100\node\sts-4.15.3.RELEASE\plugins\org.eclipse.justj.openjdk.hotspot.jre.full.win32.x86_64_17.0.4.v20220805-1047\jre\bin\vcruntime140_1.dll
0x00007ffbdd6e0000 - 0x00007ffbdd771000 	C:\Users\sfjbs\Downloads\node-20220823T055411Z-00100\node\sts-4.15.3.RELEASE\plugins\org.eclipse.justj.openjdk.hotspot.jre.full.win32.x86_64_17.0.4.v20220805-1047\jre\bin\msvcp140.dll
0x00007ffbbb830000 - 0x00007ffbbc476000 	C:\Users\sfjbs\Downloads\node-20220823T055411Z-00100\node\sts-4.15.3.RELEASE\plugins\org.eclipse.justj.openjdk.hotspot.jre.full.win32.x86_64_17.0.4.v20220805-1047\jre\bin\server\jvm.dll
0x00007ffc06b60000 - 0x00007ffc06c0e000 	C:\Windows\System32\ADVAPI32.dll
0x00007ffc07770000 - 0x00007ffc0780c000 	C:\Windows\System32\sechost.dll
0x00007ffc06200000 - 0x00007ffc06325000 	C:\Windows\System32\RPCRT4.dll
0x00007ffc07620000 - 0x00007ffc07628000 	C:\Windows\System32\PSAPI.DLL
0x00007ffbef140000 - 0x00007ffbef149000 	C:\Windows\SYSTEM32\WSOCK32.dll
0x00007ffc07310000 - 0x00007ffc0737b000 	C:\Windows\System32\WS2_32.dll
0x00007ffbf8760000 - 0x00007ffbf8787000 	C:\Windows\SYSTEM32\WINMM.dll
0x00007ffbfce40000 - 0x00007ffbfce4a000 	C:\Windows\SYSTEM32\VERSION.dll
0x00007ffc02e40000 - 0x00007ffc02e52000 	C:\Windows\SYSTEM32\kernel.appcore.dll
0x00007ffc009c0000 - 0x00007ffc009ca000 	C:\Users\sfjbs\Downloads\node-20220823T055411Z-00100\node\sts-4.15.3.RELEASE\plugins\org.eclipse.justj.openjdk.hotspot.jre.full.win32.x86_64_17.0.4.v20220805-1047\jre\bin\jimage.dll
0x00007ffbf87e0000 - 0x00007ffbf89c4000 	C:\Windows\SYSTEM32\DBGHELP.DLL
0x00007ffbf8660000 - 0x00007ffbf868c000 	C:\Windows\SYSTEM32\dbgcore.DLL
0x00007ffc04fe0000 - 0x00007ffc05062000 	C:\Windows\System32\bcryptPrimitives.dll
0x00007ffbec210000 - 0x00007ffbec235000 	C:\Users\sfjbs\Downloads\node-20220823T055411Z-00100\node\sts-4.15.3.RELEASE\plugins\org.eclipse.justj.openjdk.hotspot.jre.full.win32.x86_64_17.0.4.v20220805-1047\jre\bin\java.dll
0x00007ffbebaa0000 - 0x00007ffbebab8000 	C:\Users\sfjbs\Downloads\node-20220823T055411Z-00100\node\sts-4.15.3.RELEASE\plugins\org.eclipse.justj.openjdk.hotspot.jre.full.win32.x86_64_17.0.4.v20220805-1047\jre\bin\zip.dll
0x00007ffc058e0000 - 0x00007ffc06023000 	C:\Windows\System32\SHELL32.dll
0x00007ffc03040000 - 0x00007ffc037d5000 	C:\Windows\SYSTEM32\windows.storage.dll
0x00007ffc06800000 - 0x00007ffc06b54000 	C:\Windows\System32\combase.dll
0x00007ffc04820000 - 0x00007ffc04850000 	C:\Windows\SYSTEM32\Wldp.dll
0x00007ffc06600000 - 0x00007ffc066ad000 	C:\Windows\System32\SHCORE.dll
0x00007ffc07710000 - 0x00007ffc07765000 	C:\Windows\System32\shlwapi.dll
0x00007ffc04eb0000 - 0x00007ffc04ecf000 	C:\Windows\SYSTEM32\profapi.dll
0x00007ffbeb7b0000 - 0x00007ffbeb7c9000 	C:\Users\sfjbs\Downloads\node-20220823T055411Z-00100\node\sts-4.15.3.RELEASE\plugins\org.eclipse.justj.openjdk.hotspot.jre.full.win32.x86_64_17.0.4.v20220805-1047\jre\bin\net.dll
0x00007ffbfc530000 - 0x00007ffbfc63a000 	C:\Windows\SYSTEM32\WINHTTP.dll
0x00007ffc04600000 - 0x00007ffc0466a000 	C:\Windows\system32\mswsock.dll
0x00007ffbeb770000 - 0x00007ffbeb785000 	C:\Users\sfjbs\Downloads\node-20220823T055411Z-00100\node\sts-4.15.3.RELEASE\plugins\org.eclipse.justj.openjdk.hotspot.jre.full.win32.x86_64_17.0.4.v20220805-1047\jre\bin\nio.dll
0x00007ffbee930000 - 0x00007ffbee939000 	C:\Users\sfjbs\Downloads\node-20220823T055411Z-00100\node\sts-4.15.3.RELEASE\plugins\org.eclipse.justj.openjdk.hotspot.jre.full.win32.x86_64_17.0.4.v20220805-1047\jre\bin\management.dll
0x00007ffbeb760000 - 0x00007ffbeb76b000 	C:\Users\sfjbs\Downloads\node-20220823T055411Z-00100\node\sts-4.15.3.RELEASE\plugins\org.eclipse.justj.openjdk.hotspot.jre.full.win32.x86_64_17.0.4.v20220805-1047\jre\bin\management_ext.dll
0x00007ffbf34f0000 - 0x00007ffbf3507000 	C:\Windows\system32\napinsp.dll
0x00007ffbf34d0000 - 0x00007ffbf34eb000 	C:\Windows\system32\pnrpnsp.dll
0x00007ffbf34b0000 - 0x00007ffbf34c5000 	C:\Windows\system32\wshbth.dll
0x00007ffc007e0000 - 0x00007ffc007fd000 	C:\Windows\system32\NLAapi.dll
0x00007ffc04310000 - 0x00007ffc0434b000 	C:\Windows\SYSTEM32\IPHLPAPI.DLL
0x00007ffc04350000 - 0x00007ffc0441a000 	C:\Windows\SYSTEM32\DNSAPI.dll
0x00007ffc074f0000 - 0x00007ffc074f8000 	C:\Windows\System32\NSI.dll
0x00007ffbf2a60000 - 0x00007ffbf2a72000 	C:\Windows\System32\winrnr.dll
0x00007ffbfbb20000 - 0x00007ffbfbb2a000 	C:\Windows\System32\rasadhlp.dll
0x00007ffbfc7b0000 - 0x00007ffbfc830000 	C:\Windows\System32\fwpuclnt.dll
0x00007ffc05370000 - 0x00007ffc05397000 	C:\Windows\System32\bcrypt.dll
0x00007ffc04860000 - 0x00007ffc04878000 	C:\Windows\SYSTEM32\CRYPTSP.dll
0x00007ffc03fa0000 - 0x00007ffc03fd4000 	C:\Windows\system32\rsaenh.dll
0x00007ffc04e70000 - 0x00007ffc04e9e000 	C:\Windows\SYSTEM32\USERENV.dll
0x00007ffc04790000 - 0x00007ffc0479c000 	C:\Windows\SYSTEM32\CRYPTBASE.dll
0x00007ffbfd880000 - 0x00007ffbfd897000 	C:\Windows\SYSTEM32\dhcpcsvc6.DLL
0x00007ffbfd860000 - 0x00007ffbfd87d000 	C:\Windows\SYSTEM32\dhcpcsvc.DLL
0x00007ffc00940000 - 0x00007ffc00950000 	C:\Users\sfjbs\Downloads\node-20220823T055411Z-00100\node\sts-4.15.3.RELEASE\plugins\org.eclipse.justj.openjdk.hotspot.jre.full.win32.x86_64_17.0.4.v20220805-1047\jre\bin\verify.dll

dbghelp: loaded successfully - version: 4.0.5 - missing functions: none
symbol engine: initialized successfully - sym options: 0x614 - pdb path: .;C:\Users\sfjbs\Downloads\node-20220823T055411Z-00100\node\sts-4.15.3.RELEASE\plugins\org.eclipse.justj.openjdk.hotspot.jre.full.win32.x86_64_17.0.4.v20220805-1047\jre\bin;C:\Windows\SYSTEM32;C:\Windows\WinSxS\amd64_microsoft.windows.common-controls_6595b64144ccf1df_6.0.19041.1110_none_60b5254171f9507e;C:\Users\sfjbs\Downloads\node-20220823T055411Z-00100\node\sts-4.15.3.RELEASE\plugins\org.eclipse.justj.openjdk.hotspot.jre.full.win32.x86_64_17.0.4.v20220805-1047\jre\bin\server

VM Arguments:
jvm_args: -Dcom.sun.management.jmxremote -Dcom.sun.management.jmxremote.port=62226 -Dcom.sun.management.jmxremote.authenticate=false -Dcom.sun.management.jmxremote.ssl=false -Djava.rmi.server.hostname=localhost -Dspring.jmx.enabled=true -Dspring.application.admin.enabled=true -XX:TieredStopAtLevel=1 -Dspring.boot.project.name=SchoolService -Dfile.encoding=UTF-8 -XX:+ShowCodeDetailsInExceptionMessages 
java_command: com.school.app.SchoolServiceApplication --spring.output.ansi.enabled=always
java_class_path (initial): C:\Users\sfjbs\Documents\workspace-spring-tool-suite-4-4.15.3.RELEASE\SchoolService\target\classes;C:\Users\sfjbs\.m2\repository\org\springframework\boot\spring-boot-starter-web\2.7.3\spring-boot-starter-web-2.7.3.jar;C:\Users\sfjbs\.m2\repository\org\springframework\boot\spring-boot-starter\2.7.3\spring-boot-starter-2.7.3.jar;C:\Users\sfjbs\.m2\repository\org\springframework\boot\spring-boot\2.7.3\spring-boot-2.7.3.jar;C:\Users\sfjbs\.m2\repository\org\springframework\boot\spring-boot-autoconfigure\2.7.3\spring-boot-autoconfigure-2.7.3.jar;C:\Users\sfjbs\.m2\repository\org\springframework\boot\spring-boot-starter-logging\2.7.3\spring-boot-starter-logging-2.7.3.jar;C:\Users\sfjbs\.m2\repository\ch\qos\logback\logback-classic\1.2.11\logback-classic-1.2.11.jar;C:\Users\sfjbs\.m2\repository\ch\qos\logback\logback-core\1.2.11\logback-core-1.2.11.jar;C:\Users\sfjbs\.m2\repository\org\apache\logging\log4j\log4j-to-slf4j\2.17.2\log4j-to-slf4j-2.17.2.jar;C:\Users\sfjbs\.m2\repository\org\apache\logging\log4j\log4j-api\2.17.2\log4j-api-2.17.2.jar;C:\Users\sfjbs\.m2\repository\org\slf4j\jul-to-slf4j\1.7.36\jul-to-slf4j-1.7.36.jar;C:\Users\sfjbs\.m2\repository\jakarta\annotation\jakarta.annotation-api\1.3.5\jakarta.annotation-api-1.3.5.jar;C:\Users\sfjbs\.m2\repository\org\yaml\snakeyaml\1.30\snakeyaml-1.30.jar;C:\Users\sfjbs\.m2\repository\org\springframework\boot\spring-boot-starter-json\2.7.3\spring-boot-starter-json-2.7.3.jar;C:\Users\sfjbs\.m2\repository\com\fasterxml\jackson\core\jackson-databind\2.13.3\jackson-databind-2.13.3.jar;C:\Users\sfjbs\.m2\repository\com\fasterxml\jackson\datatype\jackson-datatype-jdk8\2.13.3\jackson-datatype-jdk8-2.13.3.jar;C:\Users\sfjbs\.m2\repository\com\fasterxml\jackson\datatype\jackson-datatype-jsr310\2.13.3\jackson-datatype-jsr310-2.13.3.jar;C:\Users\sfjbs\.m2\repository\com\fasterxml\jackson\module\jackson-module-parameter-names\2.13.3\jackson-module-parameter-names-2.13.3.jar;C:\Users\sfjbs\.m2\repository\
Launcher Type: SUN_STANDARD

[Global flags]
     intx CICompilerCount                          = 2                                         {product} {ergonomic}
     uint ConcGCThreads                            = 1                                         {product} {ergonomic}
     uint G1ConcRefinementThreads                  = 2                                         {product} {ergonomic}
   size_t G1HeapRegionSize                         = 1048576                                   {product} {ergonomic}
    uintx GCDrainStackTargetSize                   = 64                                        {product} {ergonomic}
   size_t InitialHeapSize                          = 134217728                                 {product} {ergonomic}
     bool ManagementServer                         = true                                      {product} {command line}
   size_t MarkStackSize                            = 4194304                                   {product} {ergonomic}
   size_t MaxHeapSize                              = 2147483648                                {product} {ergonomic}
   size_t MaxNewSize                               = 1287651328                                {product} {ergonomic}
   size_t MinHeapDeltaBytes                        = 1048576                                   {product} {ergonomic}
   size_t MinHeapSize                              = 8388608                                   {product} {ergonomic}
    uintx NonProfiledCodeHeapSize                  = 0                                      {pd product} {ergonomic}
     bool ProfileInterpreter                       = false                                  {pd product} {command line}
    uintx ProfiledCodeHeapSize                     = 0                                      {pd product} {ergonomic}
     bool ShowCodeDetailsInExceptionMessages       = true                                   {manageable} {command line}
   size_t SoftMaxHeapSize                          = 2147483648                             {manageable} {ergonomic}
     intx TieredStopAtLevel                        = 1                                         {product} {command line}
     bool UseCompressedClassPointers               = true                           {product lp64_product} {ergonomic}
     bool UseCompressedOops                        = true                           {product lp64_product} {ergonomic}
     bool UseG1GC                                  = true                                      {product} {ergonomic}
     bool UseLargePagesIndividualAllocation        = false                                  {pd product} {ergonomic}

Logging:
Log output configuration:
 #0: stdout all=warning uptime,level,tags
 #1: stderr all=off uptime,level,tags

Environment Variables:
PATH=C:/Users/sfjbs/Downloads/node-20220823T055411Z-00100/node/sts-4.15.3.RELEASE//plugins/org.eclipse.justj.openjdk.hotspot.jre.full.win32.x86_64_17.0.4.v20220805-1047/jre/bin/server;C:/Users/sfjbs/Downloads/node-20220823T055411Z-00100/node/sts-4.15.3.RELEASE//plugins/org.eclipse.justj.openjdk.hotspot.jre.full.win32.x86_64_17.0.4.v20220805-1047/jre/bin;C:\Program Files\Common Files\Oracle\Java\javapath;C:\Windows\system32;C:\Windows;C:\Windows\System32\Wbem;C:\Windows\System32\WindowsPowerShell\v1.0\;C:\Windows\System32\OpenSSH\;C:\Program Files\nodejs\;C:\Program Files\Docker\Docker\resources\bin;C:\ProgramData\DockerDesktop\version-bin;C:\Program Files\MongoDB\Server\5.0\bin;C:\Program Files\Git\cmd;C:\Users\sfjbs\AppData\Local\Microsoft\WindowsApps;C:\Users\sfjbs\AppData\Local\Programs\Microsoft VS Code\bin;C:\Users\sfjbs\AppData\Roaming\npm;C:\Program Files\MongoDB\Server\5.0\bin;;C:\Users\sfjbs\Downloads\node-20220823T055411Z-00100\node\sts-4.15.3.RELEASE;
USERNAME=sfjbs
OS=Windows_NT
PROCESSOR_IDENTIFIER=Intel64 Family 6 Model 85 Stepping 7, GenuineIntel
TMP=C:\Users\sfjbs\AppData\Local\Temp
TEMP=C:\Users\sfjbs\AppData\Local\Temp



---------------  S Y S T E M  ---------------

OS:
 Windows 10 , 64 bit Build 19041 (10.0.19041.1889)
OS uptime: 0 days 4:15 hours
Hyper-V role detected

CPU: total 2 (initial active 2) (1 cores per cpu, 2 threads per core) family 6 model 85 stepping 7 microcode 0xffffffff, cx8, cmov, fxsr, ht, mmx, 3dnowpref, sse, sse2, sse3, ssse3, sse4.1, sse4.2, popcnt, lzcnt, tsc, avx, avx2, aes, erms, clmul, bmi1, bmi2, rtm, adx, avx512f, avx512dq, avx512cd, avx512bw, avx512vl, fma, vzeroupper, clflush, clflushopt, hv

Memory: 4k page, system-wide physical 8190M (407M free)
TotalPageFile size 10238M (AvailPageFile size 3M)
current process WorkingSet (physical memory assigned to process): 78M, peak: 78M
current process commit charge ("private bytes"): 212M, peak: 212M

vm_info: OpenJDK 64-Bit Server VM (17.0.4+8) for windows-amd64 JRE (17.0.4+8), built on Jul 19 2022 16:05:16 by "temurin" with MS VC++ 16.7 (VS2019)

END.
